2022-06-26 10:25:25,047 WARN received SIGQUIT indicating exit request
2022-06-26 10:25:25,048 INFO waiting for laravel-worker_00, laravel-worker_01, laravel-worker_02, laravel-worker_03, laravel-schedule_01, laravel-schedule_00, laravel-schedule_03, laravel-schedule_02 to die
2022-06-26 10:25:25,052 INFO stopped: laravel-schedule_01 (terminated by SIGTERM)
2022-06-26 10:25:25,053 INFO stopped: laravel-schedule_00 (terminated by SIGTERM)
2022-06-26 10:25:25,053 INFO stopped: laravel-schedule_03 (terminated by SIGTERM)
2022-06-26 10:25:25,053 INFO stopped: laravel-schedule_02 (terminated by SIGTERM)
2022-06-26 10:25:25,060 INFO stopped: laravel-worker_00 (terminated by SIGTERM)
2022-06-26 10:25:25,060 INFO stopped: laravel-worker_01 (terminated by SIGTERM)
2022-06-26 10:25:25,061 INFO stopped: laravel-worker_02 (terminated by SIGTERM)
2022-06-26 10:25:25,063 INFO stopped: laravel-worker_03 (terminated by SIGTERM)
2022-06-26 10:25:25,063 INFO reaped unknown pid 751
2022-06-26 10:25:25,064 INFO reaped unknown pid 766
2022-06-26 10:25:25,064 INFO reaped unknown pid 752
2022-06-26 10:25:25,064 INFO reaped unknown pid 753
2022-06-26 10:25:40,920 INFO Set uid to user 0 succeeded
2022-06-26 10:25:40,923 INFO supervisord started with pid 1
2022-06-26 10:25:41,927 INFO spawned: 'laravel-worker_00' with pid 10
2022-06-26 10:25:41,931 INFO spawned: 'laravel-worker_01' with pid 11
2022-06-26 10:25:41,933 INFO spawned: 'laravel-worker_02' with pid 12
2022-06-26 10:25:41,935 INFO spawned: 'laravel-worker_03' with pid 13
2022-06-26 10:25:41,937 INFO spawned: 'laravel-schedule_01' with pid 14
2022-06-26 10:25:41,939 INFO spawned: 'laravel-schedule_00' with pid 15
2022-06-26 10:25:41,941 INFO spawned: 'laravel-schedule_03' with pid 16
2022-06-26 10:25:41,942 INFO spawned: 'laravel-schedule_02' with pid 17
2022-06-26 10:25:42,945 INFO success: laravel-worker_00 entered RUNNING state, process has stayed up for > than 1 seconds (startsecs)
2022-06-26 10:25:42,946 INFO success: laravel-worker_01 entered RUNNING state, process has stayed up for > than 1 seconds (startsecs)
2022-06-26 10:25:42,946 INFO success: laravel-worker_02 entered RUNNING state, process has stayed up for > than 1 seconds (startsecs)
2022-06-26 10:25:42,947 INFO success: laravel-worker_03 entered RUNNING state, process has stayed up for > than 1 seconds (startsecs)
2022-06-26 10:25:42,947 INFO success: laravel-schedule_01 entered RUNNING state, process has stayed up for > than 1 seconds (startsecs)
2022-06-26 10:25:42,947 INFO success: laravel-schedule_00 entered RUNNING state, process has stayed up for > than 1 seconds (startsecs)
2022-06-26 10:25:42,948 INFO success: laravel-schedule_03 entered RUNNING state, process has stayed up for > than 1 seconds (startsecs)
2022-06-26 10:25:42,948 INFO success: laravel-schedule_02 entered RUNNING state, process has stayed up for > than 1 seconds (startsecs)
2022-06-27 19:32:49,184 INFO Set uid to user 0 succeeded
2022-06-27 19:32:49,192 INFO supervisord started with pid 1
2022-06-27 19:32:50,197 INFO spawned: 'laravel-worker_00' with pid 10
2022-06-27 19:32:50,199 INFO spawned: 'laravel-worker_01' with pid 11
2022-06-27 19:32:50,202 INFO spawned: 'laravel-worker_02' with pid 12
2022-06-27 19:32:50,204 INFO spawned: 'laravel-worker_03' with pid 13
2022-06-27 19:32:50,207 INFO spawned: 'laravel-schedule_01' with pid 14
2022-06-27 19:32:50,212 INFO spawned: 'laravel-schedule_00' with pid 15
2022-06-27 19:32:50,214 INFO spawned: 'laravel-schedule_03' with pid 16
2022-06-27 19:32:50,217 INFO spawned: 'laravel-schedule_02' with pid 17
2022-06-27 19:32:51,220 INFO success: laravel-worker_00 entered RUNNING state, process has stayed up for > than 1 seconds (startsecs)
2022-06-27 19:32:51,220 INFO success: laravel-worker_01 entered RUNNING state, process has stayed up for > than 1 seconds (startsecs)
2022-06-27 19:32:51,220 INFO success: laravel-worker_02 entered RUNNING state, process has stayed up for > than 1 seconds (startsecs)
2022-06-27 19:32:51,220 INFO success: laravel-worker_03 entered RUNNING state, process has stayed up for > than 1 seconds (startsecs)
2022-06-27 19:32:51,221 INFO success: laravel-schedule_01 entered RUNNING state, process has stayed up for > than 1 seconds (startsecs)
2022-06-27 19:32:51,223 INFO success: laravel-schedule_00 entered RUNNING state, process has stayed up for > than 1 seconds (startsecs)
2022-06-27 19:32:51,224 INFO success: laravel-schedule_03 entered RUNNING state, process has stayed up for > than 1 seconds (startsecs)
2022-06-27 19:32:51,224 INFO success: laravel-schedule_02 entered RUNNING state, process has stayed up for > than 1 seconds (startsecs)
2022-06-27 19:33:18,093 WARN received SIGQUIT indicating exit request
2022-06-27 19:33:18,095 INFO waiting for laravel-worker_00, laravel-worker_01, laravel-worker_02, laravel-worker_03, laravel-schedule_01, laravel-schedule_00, laravel-schedule_03, laravel-schedule_02 to die
2022-06-27 19:33:18,100 INFO stopped: laravel-schedule_01 (terminated by SIGTERM)
2022-06-27 19:33:18,100 INFO stopped: laravel-schedule_00 (terminated by SIGTERM)
2022-06-27 19:33:18,100 INFO stopped: laravel-schedule_03 (terminated by SIGTERM)
2022-06-27 19:33:18,101 INFO stopped: laravel-schedule_02 (terminated by SIGTERM)
2022-06-27 19:33:18,106 INFO stopped: laravel-worker_01 (terminated by SIGTERM)
2022-06-27 19:33:18,106 INFO stopped: laravel-worker_00 (terminated by SIGTERM)
2022-06-27 19:33:18,107 INFO stopped: laravel-worker_02 (terminated by SIGTERM)
2022-06-27 19:33:18,107 INFO stopped: laravel-worker_03 (terminated by SIGTERM)
2022-06-27 19:33:18,107 INFO reaped unknown pid 195
2022-06-27 19:33:18,107 INFO reaped unknown pid 192
2022-06-27 19:33:18,107 INFO reaped unknown pid 193
2022-06-27 19:33:27,619 INFO Set uid to user 0 succeeded
2022-06-27 19:33:27,624 INFO supervisord started with pid 1
2022-06-27 19:33:28,629 INFO spawned: 'laravel-worker_00' with pid 10
2022-06-27 19:33:28,632 INFO spawned: 'laravel-worker_01' with pid 11
2022-06-27 19:33:28,635 INFO spawned: 'laravel-worker_02' with pid 12
2022-06-27 19:33:28,639 INFO spawned: 'laravel-worker_03' with pid 13
2022-06-27 19:33:28,641 INFO spawned: 'laravel-schedule_01' with pid 14
2022-06-27 19:33:28,647 INFO spawned: 'laravel-schedule_00' with pid 15
2022-06-27 19:33:28,649 INFO spawned: 'laravel-schedule_03' with pid 16
2022-06-27 19:33:28,655 INFO spawned: 'laravel-schedule_02' with pid 17
2022-06-27 19:33:29,659 INFO success: laravel-worker_00 entered RUNNING state, process has stayed up for > than 1 seconds (startsecs)
2022-06-27 19:33:29,659 INFO success: laravel-worker_01 entered RUNNING state, process has stayed up for > than 1 seconds (startsecs)
2022-06-27 19:33:29,660 INFO success: laravel-worker_02 entered RUNNING state, process has stayed up for > than 1 seconds (startsecs)
2022-06-27 19:33:29,660 INFO success: laravel-worker_03 entered RUNNING state, process has stayed up for > than 1 seconds (startsecs)
2022-06-27 19:33:29,660 INFO success: laravel-schedule_01 entered RUNNING state, process has stayed up for > than 1 seconds (startsecs)
2022-06-27 19:33:29,661 INFO success: laravel-schedule_00 entered RUNNING state, process has stayed up for > than 1 seconds (startsecs)
2022-06-27 19:33:29,661 INFO success: laravel-schedule_03 entered RUNNING state, process has stayed up for > than 1 seconds (startsecs)
2022-06-27 19:33:29,662 INFO success: laravel-schedule_02 entered RUNNING state, process has stayed up for > than 1 seconds (startsecs)
2022-06-28 21:09:06,390 INFO Set uid to user 0 succeeded
2022-06-28 21:09:06,398 INFO supervisord started with pid 1
2022-06-28 21:09:07,412 INFO spawned: 'laravel-worker_00' with pid 10
2022-06-28 21:09:07,415 INFO spawned: 'laravel-worker_01' with pid 11
2022-06-28 21:09:07,417 INFO spawned: 'laravel-worker_02' with pid 12
2022-06-28 21:09:07,419 INFO spawned: 'laravel-worker_03' with pid 13
2022-06-28 21:09:07,422 INFO spawned: 'laravel-schedule_01' with pid 14
2022-06-28 21:09:07,427 INFO spawned: 'laravel-schedule_00' with pid 15
2022-06-28 21:09:07,429 INFO spawned: 'laravel-schedule_03' with pid 16
2022-06-28 21:09:07,431 INFO spawned: 'laravel-schedule_02' with pid 17
2022-06-28 21:09:08,433 INFO success: laravel-worker_00 entered RUNNING state, process has stayed up for > than 1 seconds (startsecs)
2022-06-28 21:09:08,433 INFO success: laravel-worker_01 entered RUNNING state, process has stayed up for > than 1 seconds (startsecs)
2022-06-28 21:09:08,434 INFO success: laravel-worker_02 entered RUNNING state, process has stayed up for > than 1 seconds (startsecs)
2022-06-28 21:09:08,434 INFO success: laravel-worker_03 entered RUNNING state, process has stayed up for > than 1 seconds (startsecs)
2022-06-28 21:09:08,436 INFO success: laravel-schedule_01 entered RUNNING state, process has stayed up for > than 1 seconds (startsecs)
2022-06-28 21:09:08,436 INFO success: laravel-schedule_00 entered RUNNING state, process has stayed up for > than 1 seconds (startsecs)
2022-06-28 21:09:08,437 INFO success: laravel-schedule_03 entered RUNNING state, process has stayed up for > than 1 seconds (startsecs)
2022-06-28 21:09:08,437 INFO success: laravel-schedule_02 entered RUNNING state, process has stayed up for > than 1 seconds (startsecs)
